[debug] [2023-06-04T13:27:54.985Z] ----------------------------------------------------------------------
[debug] [2023-06-04T13:27:54.987Z] Command:       C:\Program Files\nodejs\node.exe C:\Users\KARL\AppData\Roaming\npm\node_modules\firebase-tools\lib\bin\firebase.js init
[debug] [2023-06-04T13:27:54.987Z] CLI Version:   12.3.0
[debug] [2023-06-04T13:27:54.988Z] Platform:      win32
[debug] [2023-06-04T13:27:54.988Z] Node Version:  v16.15.1
[debug] [2023-06-04T13:27:54.989Z] Time:          Sun Jun 04 2023 22:27:54 GMT+0900 (Japan Standard Time)
[debug] [2023-06-04T13:27:54.989Z] ----------------------------------------------------------------------
[debug] 
[debug] [2023-06-04T13:27:54.996Z] > command requires scopes: ["email","openid","https://www.googleapis.com/auth/cloudplatformprojects.readonly","https://www.googleapis.com/auth/firebase","https://www.googleapis.com/auth/cloud-platform"]
[debug] [2023-06-04T13:27:54.996Z] > authorizing via signed-in user (gayleblakeg@gmail.com)
[info] 
     ######## #### ########  ######## ########     ###     ######  ########
     ##        ##  ##     ## ##       ##     ##  ##   ##  ##       ##
     ######    ##  ########  ######   ########  #########  ######  ######
     ##        ##  ##    ##  ##       ##     ## ##     ##       ## ##
     ##       #### ##     ## ######## ########  ##     ##  ######  ########

You're about to initialize a Firebase project in this directory:

  E:\task\skillbet

[info] 
=== Project Setup
[info] 
[info] First, let's associate this project directory with a Firebase project.
[info] You can create multiple project aliases by running firebase use --add, 
[info] but for now we'll just set up a default project.
[info] 
[info] i  If you want to create a project in a Google Cloud organization or folder, please use "firebase projects:create" instead, and return to this command when you've created the project. 
[debug] [2023-06-04T13:28:14.698Z] >>> [apiv2][query] POST https://cloudresourcemanager.googleapis.com/v1/projects [none]
[debug] [2023-06-04T13:28:14.699Z] >>> [apiv2][body] POST https://cloudresourcemanager.googleapis.com/v1/projects {"projectId":"game-questify-tetrisk","name":"game-questify-tetrisk"}
[debug] [2023-06-04T13:28:17.068Z] <<< [apiv2][status] POST https://cloudresourcemanager.googleapis.com/v1/projects 409
[debug] [2023-06-04T13:28:17.069Z] <<< [apiv2][body] POST https://cloudresourcemanager.googleapis.com/v1/projects {"error":{"code":409,"message":"Requested entity already exists","status":"ALREADY_EXISTS"}}
[debug] [2023-06-04T13:28:18.172Z] FirebaseError: HTTP Error: 409, Requested entity already exists
    at responseToError (C:\Users\KARL\AppData\Roaming\npm\node_modules\firebase-tools\lib\responseToError.js:49:12)
    at RetryOperation._fn (C:\Users\KARL\AppData\Roaming\npm\node_modules\firebase-tools\lib\apiv2.js:288:77)
    at processTicksAndRejections (node:internal/process/task_queues:96:5)
[error] 
[error] Error: Failed to create project because there is already a project with ID game-questify-tetrisk. Please try again with a unique project ID.
[debug] [2023-06-04T13:28:29.739Z] ----------------------------------------------------------------------
[debug] [2023-06-04T13:28:29.741Z] Command:       C:\Program Files\nodejs\node.exe C:\Users\KARL\AppData\Roaming\npm\node_modules\firebase-tools\lib\bin\firebase.js init
[debug] [2023-06-04T13:28:29.741Z] CLI Version:   12.3.0
[debug] [2023-06-04T13:28:29.742Z] Platform:      win32
[debug] [2023-06-04T13:28:29.742Z] Node Version:  v16.15.1
[debug] [2023-06-04T13:28:29.743Z] Time:          Sun Jun 04 2023 22:28:29 GMT+0900 (Japan Standard Time)
[debug] [2023-06-04T13:28:29.743Z] ----------------------------------------------------------------------
[debug] 
[debug] [2023-06-04T13:28:29.749Z] > command requires scopes: ["email","openid","https://www.googleapis.com/auth/cloudplatformprojects.readonly","https://www.googleapis.com/auth/firebase","https://www.googleapis.com/auth/cloud-platform"]
[debug] [2023-06-04T13:28:29.750Z] > authorizing via signed-in user (gayleblakeg@gmail.com)
[info] 
     ######## #### ########  ######## ########     ###     ######  ########
     ##        ##  ##     ## ##       ##     ##  ##   ##  ##       ##
     ######    ##  ########  ######   ########  #########  ######  ######
     ##        ##  ##    ##  ##       ##     ## ##     ##       ## ##
     ##       #### ##     ## ######## ########  ##     ##  ######  ########

You're about to initialize a Firebase project in this directory:

  E:\task\skillbet

[info] 
=== Project Setup
[info] 
[info] First, let's associate this project directory with a Firebase project.
[info] You can create multiple project aliases by running firebase use --add, 
[info] but for now we'll just set up a default project.
[info] 
[info] i  If you want to create a project in a Google Cloud organization or folder, please use "firebase projects:create" instead, and return to this command when you've created the project. 
[debug] [2023-06-04T13:29:02.001Z] >>> [apiv2][query] POST https://cloudresourcemanager.googleapis.com/v1/projects [none]
[debug] [2023-06-04T13:29:02.001Z] >>> [apiv2][body] POST https://cloudresourcemanager.googleapis.com/v1/projects {"projectId":"questify-tetrisk-game-test","name":"questify-tetrisk-game-test"}
[debug] [2023-06-04T13:29:04.096Z] <<< [apiv2][status] POST https://cloudresourcemanager.googleapis.com/v1/projects 200
[debug] [2023-06-04T13:29:04.096Z] <<< [apiv2][body] POST https://cloudresourcemanager.googleapis.com/v1/projects {"name":"operations/cp.5493799129953958370"}
[debug] [2023-06-04T13:29:04.098Z] >>> [apiv2][query] GET https://cloudresourcemanager.googleapis.com/v1/operations/cp.5493799129953958370 [none]
[debug] [2023-06-04T13:29:06.098Z] <<< [apiv2][status] GET https://cloudresourcemanager.googleapis.com/v1/operations/cp.5493799129953958370 200
[debug] [2023-06-04T13:29:06.098Z] <<< [apiv2][body] GET https://cloudresourcemanager.googleapis.com/v1/operations/cp.5493799129953958370 {"name":"operations/cp.5493799129953958370","metadata":{"@type":"type.googleapis.com/google.cloudresourcemanager.v1.ProjectCreationStatus","ready":true},"done":true,"error":{"code":9,"message":"Callers must accept Terms of Service","details":[{"@type":"type.googleapis.com/google.rpc.PreconditionFailure","violations":[{"type":"TOS","subject":"cloud","description":"Callers must accept Terms of Service"}]}]}}
[debug] [2023-06-04T13:29:07.206Z] FirebaseError: Callers must accept Terms of Service
    at OperationPoller.poll (C:\Users\KARL\AppData\Roaming\npm\node_modules\firebase-tools\lib\operation-poller.js:24:19)
    at processTicksAndRejections (node:internal/process/task_queues:96:5)
    at async createCloudProject (C:\Users\KARL\AppData\Roaming\npm\node_modules\firebase-tools\lib\management\projects.js:186:29)
    at async createFirebaseProjectAndLog (C:\Users\KARL\AppData\Roaming\npm\node_modules\firebase-tools\lib\management\projects.js:45:9)
    at async promptAndCreateNewProject (C:\Users\KARL\AppData\Roaming\npm\node_modules\firebase-tools\lib\init\features\project.js:32:12)
    at async doSetup (C:\Users\KARL\AppData\Roaming\npm\node_modules\firebase-tools\lib\init\features\project.js:88:27)
    at async init (C:\Users\KARL\AppData\Roaming\npm\node_modules\firebase-tools\lib\init\index.js:37:9)
[error] 
[error] Error: Failed to create project. See firebase-debug.log for more info.
